2025/07/16 12:46:30 [notice] 1#1: using the "epoll" event method
2025/07/16 12:46:30 [notice] 1#1: nginx/1.29.0
2025/07/16 12:46:30 [notice] 1#1: built by gcc 14.2.0 (Alpine 14.2.0) 
2025/07/16 12:46:30 [notice] 1#1: OS: Linux 6.8.0-1030-azure
2025/07/16 12:46:30 [notice] 1#1: getrlimit(RLIMIT_NOFILE): 1048576:1048576
2025/07/16 12:46:30 [notice] 1#1: start worker processes
2025/07/16 12:46:30 [notice] 1#1: start worker process 29
2025/07/16 12:46:30 [notice] 1#1: start worker process 30
2025/07/16 12:46:30 [notice] 1#1: start worker process 31
2025/07/16 12:46:30 [notice] 1#1: start worker process 32
2025/07/16 12:48:19 [notice] 1#1: signal 3 (SIGQUIT) received, shutting down
2025/07/16 12:48:19 [notice] 29#29: gracefully shutting down
2025/07/16 12:48:19 [notice] 30#30: gracefully shutting down
2025/07/16 12:48:19 [notice] 31#31: gracefully shutting down
2025/07/16 12:48:19 [notice] 29#29: exiting
2025/07/16 12:48:19 [notice] 30#30: exiting
2025/07/16 12:48:19 [notice] 31#31: exiting
2025/07/16 12:48:19 [notice] 30#30: exit
2025/07/16 12:48:19 [notice] 31#31: exit
2025/07/16 12:48:19 [notice] 32#32: gracefully shutting down
2025/07/16 12:48:19 [notice] 32#32: exiting
2025/07/16 12:48:19 [notice] 32#32: exit
2025/07/16 12:48:19 [notice] 29#29: exit
2025/07/16 12:48:19 [notice] 1#1: signal 17 (SIGCHLD) received from 31
2025/07/16 12:48:19 [notice] 1#1: worker process 31 exited with code 0
2025/07/16 12:48:19 [notice] 1#1: signal 29 (SIGIO) received
2025/07/16 12:48:19 [notice] 1#1: signal 17 (SIGCHLD) received from 30
2025/07/16 12:48:19 [notice] 1#1: worker process 30 exited with code 0
2025/07/16 12:48:19 [notice] 1#1: worker process 29 exited with code 0
2025/07/16 12:48:19 [notice] 1#1: worker process 32 exited with code 0
2025/07/16 12:48:19 [notice] 1#1: signal 17 (SIGCHLD) received from 32
2025/07/16 12:48:19 [notice] 1#1: exit
2025/07/16 12:51:39 [emerg] 1#1: host not found in upstream "backend" in /etc/nginx/conf.d/default.conf:34
2025/07/16 12:51:44 [emerg] 1#1: host not found in upstream "backend" in /etc/nginx/conf.d/default.conf:34
2025/07/16 12:51:50 [emerg] 1#1: host not found in upstream "backend" in /etc/nginx/conf.d/default.conf:34
2025/07/16 12:51:55 [emerg] 1#1: host not found in upstream "backend" in /etc/nginx/conf.d/default.conf:34
2025/07/16 12:52:02 [emerg] 1#1: host not found in upstream "backend" in /etc/nginx/conf.d/default.conf:34
2025/07/16 12:52:08 [emerg] 1#1: host not found in upstream "backend" in /etc/nginx/conf.d/default.conf:34
2025/07/16 12:52:17 [emerg] 1#1: host not found in upstream "backend" in /etc/nginx/conf.d/default.conf:34
2025/07/16 12:52:28 [emerg] 1#1: host not found in upstream "backend" in /etc/nginx/conf.d/default.conf:34
2025/07/16 12:52:46 [emerg] 1#1: host not found in upstream "backend" in /etc/nginx/conf.d/default.conf:34
2025/07/16 12:53:17 [emerg] 1#1: host not found in upstream "backend" in /etc/nginx/conf.d/default.conf:34
2025/07/16 12:54:14 [emerg] 1#1: host not found in upstream "backend" in /etc/nginx/conf.d/default.conf:34
2025/07/16 13:00:24 [emerg] 1#1: host not found in upstream "backend" in /etc/nginx/conf.d/default.conf:34
2025/07/16 13:00:33 [notice] 1#1: using the "epoll" event method
2025/07/16 13:00:33 [notice] 1#1: nginx/1.29.0
2025/07/16 13:00:33 [notice] 1#1: built by gcc 14.2.0 (Alpine 14.2.0) 
2025/07/16 13:00:33 [notice] 1#1: OS: Linux 6.8.0-1030-azure
2025/07/16 13:00:33 [notice] 1#1: getrlimit(RLIMIT_NOFILE): 1048576:1048576
2025/07/16 13:00:33 [notice] 1#1: start worker processes
2025/07/16 13:00:33 [notice] 1#1: start worker process 29
2025/07/16 13:00:33 [notice] 1#1: start worker process 30
2025/07/16 13:00:33 [notice] 1#1: start worker process 31
2025/07/16 13:00:33 [notice] 1#1: start worker process 32
2025/07/16 13:03:00 [notice] 1#1: signal 3 (SIGQUIT) received, shutting down
2025/07/16 13:03:00 [notice] 30#30: gracefully shutting down
2025/07/16 13:03:00 [notice] 29#29: gracefully shutting down
2025/07/16 13:03:00 [notice] 31#31: gracefully shutting down
2025/07/16 13:03:00 [notice] 30#30: exiting
2025/07/16 13:03:00 [notice] 29#29: exiting
2025/07/16 13:03:00 [notice] 31#31: exiting
2025/07/16 13:03:00 [notice] 31#31: exit
2025/07/16 13:03:00 [notice] 30#30: exit
2025/07/16 13:03:00 [notice] 29#29: exit
2025/07/16 13:03:00 [notice] 32#32: gracefully shutting down
2025/07/16 13:03:00 [notice] 32#32: exiting
2025/07/16 13:03:00 [notice] 32#32: exit
2025/07/16 13:03:00 [notice] 1#1: signal 17 (SIGCHLD) received from 32
2025/07/16 13:03:00 [notice] 1#1: worker process 31 exited with code 0
2025/07/16 13:03:00 [notice] 1#1: worker process 32 exited with code 0
2025/07/16 13:03:00 [notice] 1#1: signal 29 (SIGIO) received
2025/07/16 13:03:00 [notice] 1#1: signal 17 (SIGCHLD) received from 30
2025/07/16 13:03:00 [notice] 1#1: worker process 29 exited with code 0
2025/07/16 13:03:00 [notice] 1#1: worker process 30 exited with code 0
2025/07/16 13:03:00 [notice] 1#1: exit
2025/07/16 13:08:48 [notice] 1#1: using the "epoll" event method
2025/07/16 13:08:48 [notice] 1#1: nginx/1.29.0
2025/07/16 13:08:48 [notice] 1#1: built by gcc 14.2.0 (Alpine 14.2.0) 
2025/07/16 13:08:48 [notice] 1#1: OS: Linux 6.8.0-1030-azure
2025/07/16 13:08:48 [notice] 1#1: getrlimit(RLIMIT_NOFILE): 1048576:1048576
2025/07/16 13:08:48 [notice] 1#1: start worker processes
2025/07/16 13:08:48 [notice] 1#1: start worker process 29
2025/07/16 13:08:48 [notice] 1#1: start worker process 30
2025/07/16 13:08:48 [notice] 1#1: start worker process 31
2025/07/16 13:08:48 [notice] 1#1: start worker process 32
2025/07/16 13:11:05 [notice] 1#1: signal 3 (SIGQUIT) received, shutting down
2025/07/16 13:11:05 [notice] 29#29: gracefully shutting down
2025/07/16 13:11:05 [notice] 29#29: exiting
2025/07/16 13:11:05 [notice] 31#31: gracefully shutting down
2025/07/16 13:11:05 [notice] 31#31: exiting
2025/07/16 13:11:05 [notice] 29#29: exit
2025/07/16 13:11:05 [notice] 30#30: gracefully shutting down
2025/07/16 13:11:05 [notice] 30#30: exiting
2025/07/16 13:11:05 [notice] 31#31: exit
2025/07/16 13:11:05 [notice] 32#32: gracefully shutting down
2025/07/16 13:11:05 [notice] 30#30: exit
2025/07/16 13:11:05 [notice] 32#32: exiting
2025/07/16 13:11:05 [notice] 32#32: exit
2025/07/16 13:11:05 [notice] 1#1: signal 17 (SIGCHLD) received from 29
2025/07/16 13:11:05 [notice] 1#1: worker process 29 exited with code 0
2025/07/16 13:11:05 [notice] 1#1: signal 29 (SIGIO) received
2025/07/16 13:11:05 [notice] 1#1: signal 17 (SIGCHLD) received from 32
2025/07/16 13:11:05 [notice] 1#1: worker process 32 exited with code 0
2025/07/16 13:11:05 [notice] 1#1: signal 29 (SIGIO) received
2025/07/16 13:11:05 [notice] 1#1: signal 17 (SIGCHLD) received from 31
2025/07/16 13:11:05 [notice] 1#1: worker process 30 exited with code 0
2025/07/16 13:11:05 [notice] 1#1: worker process 31 exited with code 0
2025/07/16 13:11:05 [notice] 1#1: exit
2025/07/16 13:16:37 [emerg] 1#1: host not found in upstream "backend" in /etc/nginx/conf.d/default.conf:34
2025/07/16 13:16:43 [emerg] 1#1: host not found in upstream "backend" in /etc/nginx/conf.d/default.conf:34
2025/07/16 13:16:48 [emerg] 1#1: host not found in upstream "backend" in /etc/nginx/conf.d/default.conf:34
2025/07/16 13:16:54 [emerg] 1#1: host not found in upstream "backend" in /etc/nginx/conf.d/default.conf:34
2025/07/16 13:17:00 [emerg] 1#1: host not found in upstream "backend" in /etc/nginx/conf.d/default.conf:34
2025/07/16 13:17:07 [emerg] 1#1: host not found in upstream "backend" in /etc/nginx/conf.d/default.conf:34
2025/07/16 13:17:15 [emerg] 1#1: host not found in upstream "backend" in /etc/nginx/conf.d/default.conf:34
2025/07/16 13:17:27 [emerg] 1#1: host not found in upstream "backend" in /etc/nginx/conf.d/default.conf:34
2025/07/16 13:17:45 [emerg] 1#1: host not found in upstream "backend" in /etc/nginx/conf.d/default.conf:34
2025/07/16 13:18:16 [emerg] 1#1: host not found in upstream "backend" in /etc/nginx/conf.d/default.conf:34
2025/07/16 13:19:12 [emerg] 1#1: host not found in upstream "backend" in /etc/nginx/conf.d/default.conf:34
2025/07/16 13:20:18 [emerg] 1#1: host not found in upstream "backend" in /etc/nginx/conf.d/default.conf:34
2025/07/16 13:21:23 [emerg] 1#1: host not found in upstream "backend" in /etc/nginx/conf.d/default.conf:34
2025/07/16 13:22:28 [emerg] 1#1: host not found in upstream "backend" in /etc/nginx/conf.d/default.conf:34
2025/07/16 14:22:46 [notice] 1#1: using the "epoll" event method
2025/07/16 14:22:46 [notice] 1#1: nginx/1.29.0
2025/07/16 14:22:46 [notice] 1#1: built by gcc 14.2.0 (Alpine 14.2.0) 
2025/07/16 14:22:46 [notice] 1#1: OS: Linux 6.8.0-1030-azure
2025/07/16 14:22:46 [notice] 1#1: getrlimit(RLIMIT_NOFILE): 1048576:1048576
2025/07/16 14:22:46 [notice] 1#1: start worker processes
2025/07/16 14:22:46 [notice] 1#1: start worker process 8
2025/07/16 14:22:46 [notice] 1#1: start worker process 9
2025/07/16 14:22:46 [notice] 1#1: start worker process 10
2025/07/16 14:22:46 [notice] 1#1: start worker process 11
2025/07/16 14:31:42 [notice] 1#1: signal 3 (SIGQUIT) received, shutting down
2025/07/16 14:31:42 [notice] 8#8: gracefully shutting down
2025/07/16 14:31:42 [notice] 10#10: gracefully shutting down
2025/07/16 14:31:42 [notice] 9#9: gracefully shutting down
2025/07/16 14:31:42 [notice] 8#8: exiting
2025/07/16 14:31:42 [notice] 9#9: exiting
2025/07/16 14:31:42 [notice] 10#10: exiting
2025/07/16 14:31:42 [notice] 9#9: exit
2025/07/16 14:31:42 [notice] 10#10: exit
2025/07/16 14:31:42 [notice] 8#8: exit
2025/07/16 14:31:42 [notice] 11#11: gracefully shutting down
2025/07/16 14:31:42 [notice] 11#11: exiting
2025/07/16 14:31:42 [notice] 11#11: exit
2025/07/16 14:31:42 [notice] 1#1: signal 17 (SIGCHLD) received from 9
2025/07/16 14:31:42 [notice] 1#1: worker process 9 exited with code 0
2025/07/16 14:31:42 [notice] 1#1: worker process 8 exited with code 0
2025/07/16 14:31:42 [notice] 1#1: signal 29 (SIGIO) received
2025/07/16 14:31:42 [notice] 1#1: signal 17 (SIGCHLD) received from 8
2025/07/16 14:31:43 [notice] 1#1: signal 17 (SIGCHLD) received from 10
2025/07/16 14:31:43 [notice] 1#1: worker process 10 exited with code 0
2025/07/16 14:31:43 [notice] 1#1: worker process 11 exited with code 0
2025/07/16 14:31:43 [notice] 1#1: exit
2025/07/16 14:32:42 [notice] 1#1: using the "epoll" event method
2025/07/16 14:32:42 [notice] 1#1: nginx/1.29.0
2025/07/16 14:32:42 [notice] 1#1: built by gcc 14.2.0 (Alpine 14.2.0) 
2025/07/16 14:32:42 [notice] 1#1: OS: Linux 6.8.0-1030-azure
2025/07/16 14:32:42 [notice] 1#1: getrlimit(RLIMIT_NOFILE): 1048576:1048576
2025/07/16 14:32:42 [notice] 1#1: start worker processes
2025/07/16 14:32:42 [notice] 1#1: start worker process 10
2025/07/16 14:32:42 [notice] 1#1: start worker process 11
2025/07/16 14:32:42 [notice] 1#1: start worker process 12
2025/07/16 14:32:42 [notice] 1#1: start worker process 13
2025/07/16 14:40:18 [notice] 1#1: signal 3 (SIGQUIT) received, shutting down
2025/07/16 14:40:18 [notice] 12#12: gracefully shutting down
2025/07/16 14:40:18 [notice] 11#11: gracefully shutting down
2025/07/16 14:40:18 [notice] 10#10: gracefully shutting down
2025/07/16 14:40:18 [notice] 12#12: exiting
2025/07/16 14:40:18 [notice] 11#11: exiting
2025/07/16 14:40:18 [notice] 10#10: exiting
2025/07/16 14:40:18 [notice] 12#12: exit
2025/07/16 14:40:18 [notice] 10#10: exit
2025/07/16 14:40:18 [notice] 11#11: exit
2025/07/16 14:40:18 [notice] 13#13: gracefully shutting down
2025/07/16 14:40:18 [notice] 13#13: exiting
2025/07/16 14:40:18 [notice] 13#13: exit
2025/07/16 14:40:18 [notice] 1#1: signal 17 (SIGCHLD) received from 11
2025/07/16 14:40:18 [notice] 1#1: worker process 11 exited with code 0
2025/07/16 14:40:18 [notice] 1#1: signal 29 (SIGIO) received
2025/07/16 14:40:18 [notice] 1#1: signal 17 (SIGCHLD) received from 12
2025/07/16 14:40:18 [notice] 1#1: worker process 12 exited with code 0
2025/07/16 14:40:18 [notice] 1#1: worker process 13 exited with code 0
2025/07/16 14:40:18 [notice] 1#1: signal 29 (SIGIO) received
2025/07/16 14:40:18 [notice] 1#1: signal 17 (SIGCHLD) received from 10
2025/07/16 14:40:18 [notice] 1#1: worker process 10 exited with code 0
2025/07/16 14:40:18 [notice] 1#1: exit
